WyjProject/umeng_app/build/outputs/mapping/debug/seeds.txt
com.umeng.soexample.App
com.umeng.soexample.App: App()
com.umeng.soexample.AuthActivity
com.umeng.soexample.AuthActivity: AuthActivity()
com.umeng.soexample.CheckActivity
com.umeng.soexample.CheckActivity: CheckActivity()
com.umeng.soexample.GetInfoActivity
com.umeng.soexample.GetInfoActivity: GetInfoActivity()
com.umeng.soexample.HomeActivity
com.umeng.soexample.HomeActivity: HomeActivity()
com.umeng.soexample.InfoDetailActivity
com.umeng.soexample.InfoDetailActivity: InfoDetailActivity()
com.umeng.soexample.InfoDetailActivity$5: void onCancel(com.umeng.socialize.bean.SHARE_MEDIA,int)
com.umeng.soexample.ShareActivity
com.umeng.soexample.ShareActivity: ShareActivity()
com.umeng.soexample.ShareDetailActivity
com.umeng.soexample.ShareDetailActivity: ShareDetailActivity()
com.umeng.soexample.ShareDetailActivity$3: void onCancel(com.umeng.socialize.bean.SHARE_MEDIA)
com.umeng.soexample.ShareMenuActivity
com.umeng.soexample.ShareMenuActivity: ShareMenuActivity()
com.umeng.soexample.ShareMenuActivity$CustomShareListener: void onCancel(com.umeng.socialize.bean.SHARE_MEDIA)
com.umeng.soexample.WBShareActivity
com.umeng.soexample.WBShareActivity: WBShareActivity()
com.umeng.soexample.apshare.ShareEntryActivity
com.umeng.soexample.apshare.ShareEntryActivity: ShareEntryActivity()
com.umeng.soexample.ddshare.DDShareActivity
com.umeng.soexample.ddshare.DDShareActivity: DDShareActivity()
com.umeng.soexample.model.AuthAdapter$2: void onCancel(com.umeng.socialize.bean.SHARE_MEDIA,int)
com.umeng.soexample.wxapi.WXEntryActivity
com.umeng.soexample.wxapi.WXEntryActivity: WXEntryActivity()
com.umeng.soexample.yxapi.YXEntryActivity
com.umeng.soexample.yxapi.YXEntryActivity: YXEntryActivity()
...
com.tencent.mm.sdk.openapi.WXApiImplV10$ActivityLifecycleCb$1
com.tencent.mm.sdk.openapi.WXApiImplV10$ActivityLifecycleCb$1: com.tencent.mm.sdk.openapi.WXApiImplV10$ActivityLifecycleCb this$0
com.tencent.mm.sdk.openapi.WXApiImplV10$ActivityLifecycleCb$1: WXApiImplV10$ActivityLifecycleCb$1(com.tencent.mm.sdk.openapi.WXApiImplV10$ActivityLifecycleCb)
com.tencent.mm.sdk.openapi.WXApiImplV10$ActivityLifecycleCb$1: void run()
com.tencent.mm.sdk.openapi.WXApiImplV10$ActivityLifecycleCb$2
com.tencent.mm.sdk.openapi.WXApiImplV10$ActivityLifecycleCb$2: com.tencent.mm.sdk.openapi.WXApiImplV10$ActivityLifecycleCb this$0
com.tencent.mm.sdk.openapi.WXApiImplV10$ActivityLifecycleCb$2: WXApiImplV10$ActivityLifecycleCb$2(com.tencent.mm.sdk.openapi.WXApiImplV10$ActivityLifecycleCb)
com.tencent.mm.sdk.openapi.WXApiImplV10$ActivityLifecycleCb$2: void run()
com.tencent.open.SocialApi
com.tencent.open.SocialApi: com.tencent.open.SocialApiIml a
com.tencent.open.SocialApi: SocialApi(com.tencent.connect.auth.QQToken)
com.tencent.open.SocialApi: void invite(android.app.Activity,android.os.Bundle,com.tencent.tauth.IUiListener)
com.tencent.open.SocialApi: void story(android.app.Activity,android.os.Bundle,com.tencent.tauth.IUiListener)
com.tencent.open.SocialApi: void gift(android.app.Activity,android.os.Bundle,com.tencent.tauth.IUiListener)
com.tencent.open.SocialApi: void ask(android.app.Activity,android.os.Bundle,com.tencent.tauth.IUiListener)
com.tencent.open.SocialApiIml
com.tencent.open.SocialApiIml: android.app.Activity c
com.tencent.open.SocialApiIml: SocialApiIml(com.tencent.connect.auth.QQToken)
com.tencent.open.SocialApiIml: SocialApiIml(com.tencent.connect.auth.c,com.tencent.connect.auth.QQToken)
com.tencent.open.SocialApiIml: void gift(android.app.Activity,android.os.Bundle,com.tencent.tauth.IUiListener)
com.tencent.open.SocialApiIml: void ask(android.app.Activity,android.os.Bundle,com.tencent.tauth.IUiListener)
com.tencent.open.SocialApiIml: void a(android.app.Activity,java.lang.String,android.os.Bundle,com.tencent.tauth.IUiListener)
com.tencent.open.SocialApiIml: void invite(android.app.Activity,android.os.Bundle,com.tencent.tauth.IUiListener)
com.tencent.open.SocialApiIml: void story(android.app.Activity,android.os.Bundle,com.tencent.tauth.IUiListener)
com.tencent.open.SocialApiIml: void a(android.app.Activity,android.content.Intent,java.lang.String,android.os.Bundle,java.lang.String,com.tencent.tauth.IUiListener,boolean)
com.tencent.open.SocialApiIml: void a(android.app.Activity,android.content.Intent,java.lang.String,android.os.Bundle,com.tencent.tauth.IUiListener)
com.tencent.open.SocialApiIml: void a(android.app.Activity,java.lang.String,android.os.Bundle,java.lang.String,com.tencent.tauth.IUiListener)
com.tencent.open.SocialApiIml: void a(android.content.Context,java.lang.String,android.os.Bundle,java.lang.String,com.tencent.tauth.IUiListener)
com.tencent.open.SocialApiIml$a
com.tencent.open.SocialApiIml$a: com.tencent.tauth.IUiListener b
com.tencent.open.SocialApiIml$a: java.lang.String c
com.tencent.open.SocialApiIml$a: java.lang.String d
com.tencent.open.SocialApiIml$a: android.os.Bundle e
com.tencent.open.SocialApiIml$a: android.app.Activity f
com.tencent.open.SocialApiIml$a: com.tencent.open.SocialApiIml a
com.tencent.open.SocialApiIml$a: SocialApiIml$a(com.tencent.open.SocialApiIml,android.app.Activity,com.tencent.tauth.IUiListener,java.lang.String,java.lang.String,android.os.Bundle)
com.tencent.open.SocialApiIml$a: void onComplete(java.lang.Object)
com.tencent.open.SocialApiIml$a: void onError(com.tencent.tauth.UiError)
com.tencent.open.SocialApiIml$a: void onCancel()