WyjProject/umeng_app/build/outputs/mapping/debug/mapping.txt
com.umeng.soexample.App -> com.umeng.soexample.App:
    12:39:void <init>() -> <init>
    16:20:void onCreate() -> onCreate
com.umeng.soexample.AuthActivity -> com.umeng.soexample.AuthActivity:
    android.widget.ListView listView -> b
    com.umeng.soexample.model.AuthAdapter shareAdapter -> c
    java.util.ArrayList platforms -> a
    com.umeng.socialize.bean.SHARE_MEDIA[] list -> d
    25:29:void <init>() -> <init>
    33:54:void onCreate(android.os.Bundle) -> onCreate
    56:62:void initPlatforms() -> a
    66:68:void onActivityResult(int,int,android.content.Intent) -> onActivityResult
com.umeng.soexample.AuthActivity$1 -> com.umeng.soexample.a:
    com.umeng.soexample.AuthActivity this$0 -> a
    48:48:void <init>(com.umeng.soexample.AuthActivity) -> <init>
    51:52:void onClick(android.view.View) -> onClick
com.umeng.soexample.BuildConfig -> com.umeng.soexample.b:
    boolean DEBUG -> a
    java.lang.String APPLICATION_ID -> b
    java.lang.String BUILD_TYPE -> c
    java.lang.String FLAVOR -> d
    int VERSION_CODE -> e
    java.lang.String VERSION_NAME -> f
    6:6:void <init>() -> <init>
    7:7:void <clinit>() -> <clinit>
com.umeng.soexample.CheckActivity -> com.umeng.soexample.CheckActivity:
    android.widget.LinearLayout list -> a
    int checkstyle -> b
    android.widget.EditText ed -> c
    18:20:void <init>() -> <init>
    24:118:void onCreate(android.os.Bundle) -> onCreate
    18:18:android.widget.LinearLayout access$000(com.umeng.soexample.CheckActivity) -> a
    18:18:int access$100(com.umeng.soexample.CheckActivity) -> b
    18:18:int access$102(com.umeng.soexample.CheckActivity,int) -> a
    18:18:android.widget.EditText access$200(com.umeng.soexample.CheckActivity) -> c
com.umeng.soexample.CheckActivity$1 -> com.umeng.soexample.c:
    com.umeng.soexample.CheckActivity this$0 -> a
    35:35:void <init>(com.umeng.soexample.CheckActivity) -> <init>
    38:39:void onClick(android.view.View) -> onClick
com.umeng.soexample.CheckActivity$2 -> com.umeng.soexample.d:
    com.umeng.soexample.CheckActivity this$0 -> a
    42:42:void <init>(com.umeng.soexample.CheckActivity) -> <init>
    45:50:void onClick(android.view.View) -> onClick
com.umeng.soexample.CheckActivity$3 -> com.umeng.soexample.e:
    com.umeng.soexample.CheckActivity this$0 -> a
    52:52:void <init>(com.umeng.soexample.CheckActivity) -> <init>
    55:68:void onClick(android.view.View) -> onClick
com.umeng.soexample.CheckActivity$4 -> com.umeng.soexample.f:
    com.umeng.soexample.CheckActivity this$0 -> a
    70:70:void <init>(com.umeng.soexample.CheckActivity) -> <init>
    73:76:void onClick(android.view.View) -> onClick
com.umeng.soexample.CheckActivity$5 -> com.umeng.soexample.g:
    com.umeng.soexample.CheckActivity this$0 -> a
    78:78:void <init>(com.umeng.soexample.CheckActivity) -> <init>
    81:84:void onClick(android.view.View) -> onClick
com.umeng.soexample.CheckActivity$6 -> com.umeng.soexample.h:
    com.umeng.soexample.CheckActivity this$0 -> a
    86:86:void <init>(com.umeng.soexample.CheckActivity) -> <init>
    89:92:void onClick(android.view.View) -> onClick
com.umeng.soexample.CheckActivity$7 -> com.umeng.soexample.i:
    com.umeng.soexample.CheckActivity this$0 -> a
    94:94:void <init>(com.umeng.soexample.CheckActivity) -> <init>
    97:100:void onClick(android.view.View) -> onClick
com.umeng.soexample.CheckActivity$8 -> com.umeng.soexample.j:
    com.umeng.soexample.CheckActivity this$0 -> a
    102:102:void <init>(com.umeng.soexample.CheckActivity) -> <init>
    105:108:void onClick(android.view.View) -> onClick
com.umeng.soexample.CheckActivity$9 -> com.umeng.soexample.k:
    com.umeng.soexample.CheckActivity this$0 -> a
    110:110:void <init>(com.umeng.soexample.CheckActivity) -> <init>
    113:116:void onClick(android.view.View) -> onClick
...
com.umeng.socialize.handler.UMPinterestHandler -> com.umeng.socialize.handler.UMPinterestHandler:
    java.lang.String TAG -> a
    java.lang.String INTENT_PIN_IT -> b
    java.lang.String EXTRA_IMAGE -> c
    java.lang.String EXTRA_URI -> d
    java.lang.String EXTRA_DESCRIPTION -> e
    java.lang.String EXTRA_URL -> f
    java.lang.String EXTRA_PARTNER_ID -> g
    java.lang.String EXTRA_PARTNER_PACKAGE -> k
    33:33:void <init>() -> <init>
    46:48:void onCreate(android.content.Context,com.umeng.socialize.PlatformConfig$Platform) -> a
    52:66:boolean share(com.umeng.socialize.ShareContent,com.umeng.socialize.UMShareListener) -> a
    71:71:boolean isInstall() -> b
    75:85:boolean isClientInstalled() -> e
    89:150:boolean shareTo(com.umeng.socialize.media.PinterestShareContent,com.umeng.socialize.UMShareListener) -> a
com.umeng.socialize.handler.UMPinterestHandler$1 -> com.umeng.socialize.handler.UMPinterestHandler$1:
    com.umeng.socialize.UMShareListener val$listener -> a
    com.umeng.socialize.handler.UMPinterestHandler this$0 -> b
    58:58:void <init>(com.umeng.socialize.handler.UMPinterestHandler,com.umeng.socialize.UMShareListener) -> <init>
    61:62:void run() -> run
com.umeng.socialize.handler.UMPinterestHandler$2 -> com.umeng.socialize.handler.UMPinterestHandler$2:
    com.umeng.socialize.UMShareListener val$listener -> a
    com.umeng.socialize.handler.UMPinterestHandler this$0 -> b
    94:94:void <init>(com.umeng.socialize.handler.UMPinterestHandler,com.umeng.socialize.UMShareListener) -> <init>
    97:98:void run() -> run
com.umeng.socialize.handler.UMPinterestHandler$3 -> com.umeng.socialize.handler.UMPinterestHandler$3:
    com.umeng.socialize.UMShareListener val$listener -> a
    com.umeng.socialize.handler.UMPinterestHandler this$0 -> b
    126:126:void <init>(com.umeng.socialize.handler.UMPinterestHandler,com.umeng.socialize.UMShareListener) -> <init>
    129:130:void run() -> run
com.umeng.socialize.handler.UMPinterestHandler$4 -> com.umeng.socialize.handler.UMPinterestHandler$4:
    com.umeng.socialize.UMShareListener val$listener -> a
    android.content.ActivityNotFoundException val$e -> b
    com.umeng.socialize.handler.UMPinterestHandler this$0 -> c
    139:139:void <init>(com.umeng.socialize.handler.UMPinterestHandler,com.umeng.socialize.UMShareListener,android.content.ActivityNotFoundException) -> <init>
    142:144:void run() -> run
com.umeng.socialize.handler.UMPocketHandler -> com.umeng.socialize.handler.UMPocketHandler:
    java.lang.String PACKAGE_NAME -> a
    java.lang.String TAG -> b
    33:33:void <init>() -> <init>
    40:42:void onCreate(android.content.Context,com.umeng.socialize.PlatformConfig$Platform) -> a
    46:61:boolean share(com.umeng.socialize.ShareContent,com.umeng.socialize.UMShareListener) -> a
    64:77:boolean isInstall(com.umeng.socialize.PlatformConfig$Platform) -> a
    82:82:boolean isInstall() -> b
    86:142:boolean shareTo(com.umeng.socialize.media.PocketShareContent,com.umeng.socialize.UMShareListener) -> a
    145:151:boolean checkData(com.umeng.socialize.media.PocketShareContent) -> a
    36:36:void <clinit>() -> <clinit>
com.umeng.socialize.handler.UMPocketHandler$1 -> com.umeng.socialize.handler.UMPocketHandler$1:
    com.umeng.socialize.UMShareListener val$listener -> a
    com.umeng.socialize.handler.UMPocketHandler this$0 -> b
    52:52:void <init>(com.umeng.socialize.handler.UMPocketHandler,com.umeng.socialize.UMShareListener) -> <init>
    55:56:void run() -> run
com.umeng.socialize.handler.UMPocketHandler$2 -> com.umeng.socialize.handler.UMPocketHandler$2:
    com.umeng.socialize.UMShareListener val$listener -> a
    com.umeng.socialize.handler.UMPocketHandler this$0 -> b
    89:89:void <init>(com.umeng.socialize.handler.UMPocketHandler,com.umeng.socialize.UMShareListener) -> <init>
    92:93:void run() -> run